# do {tb_divider_odd_compile.do}
# Model Technology ModelSim SE-64 vmap 10.4 Lib Mapping Utility 2014.12 Dec  3 2014
# vmap -modelsim_quiet xil_defaultlib modelsim_lib/msim/xil_defaultlib 
# Modifying modelsim.ini
# Model Technology ModelSim SE-64 vlog 10.4 Compiler 2014.12 Dec  3 2014
# Start time: 21:53:18 on Jan 30,2024
# vlog -incr -mfcu -work xil_defaultlib ../../../../divider_odd.srcs/sources_1/new/divider_odd.v ../../../../divider_odd.srcs/sim_1/new/tb_divider_odd.v 
# -- Compiling module divider_odd
# -- Compiling module tb_divider_odd
# 
# Top level modules:
# 	tb_divider_odd
# End time: 21:53:18 on Jan 30,2024, Elapsed time: 0:00:00
# Errors: 0, Warnings: 0
# Model Technology ModelSim SE-64 vlog 10.4 Compiler 2014.12 Dec  3 2014
# Start time: 21:53:19 on Jan 30,2024
# vlog -work xil_defaultlib glbl.v 
# -- Compiling module glbl
# 
# Top level modules:
# 	glbl
# End time: 21:53:19 on Jan 30,2024, Elapsed time: 0:00:00
# Errors: 0, Warnings: 0
