# do {tb_half_adder_compile.do}
# ** Warning: (vlib-34) Library already exists at "modelsim_lib/work".
# 
# ** Warning: (vlib-34) Library already exists at "modelsim_lib/msim".
# 
# ** Warning: (vlib-34) Library already exists at "modelsim_lib/msim/xil_defaultlib".
# 
# Model Technology ModelSim SE-64 vmap 10.4 Lib Mapping Utility 2014.12 Dec  3 2014
# vmap xil_defaultlib modelsim_lib/msim/xil_defaultlib 
# Modifying modelsim.ini
# Model Technology ModelSim SE-64 vlog 10.4 Compiler 2014.12 Dec  3 2014
# Start time: 21:32:06 on Jan 21,2024
# vlog -incr -mfcu -work xil_defaultlib ../../../../half_adder.srcs/sources_1/new/half_adder.v ../../../../half_adder.srcs/sim_1/new/tb_half_adder.v 
# -- Skipping module half_adder
# -- Compiling module tb_half_adder
# 
# Top level modules:
# 	tb_half_adder
# End time: 21:32:06 on Jan 21,2024, Elapsed time: 0:00:00
# Errors: 0, Warnings: 0
# Model Technology ModelSim SE-64 vlog 10.4 Compiler 2014.12 Dec  3 2014
# Start time: 21:32:06 on Jan 21,2024
# vlog -work xil_defaultlib glbl.v 
# -- Compiling module glbl
# 
# Top level modules:
# 	glbl
# End time: 21:32:06 on Jan 21,2024, Elapsed time: 0:00:00
# Errors: 0, Warnings: 0
