# do {tb_flip_flop_compile.do}
# Model Technology ModelSim SE-64 vmap 10.4 Lib Mapping Utility 2014.12 Dec  3 2014
# vmap -modelsim_quiet xil_defaultlib modelsim_lib/msim/xil_defaultlib 
# Modifying modelsim.ini
# Model Technology ModelSim SE-64 vlog 10.4 Compiler 2014.12 Dec  3 2014
# Start time: 19:01:48 on Jan 23,2024
# vlog -incr -mfcu -work xil_defaultlib ../../../../flip_flop.srcs/sources_1/new/flip_flop.v ../../../../flip_flop.srcs/sim_1/new/tb_flip_flop.v 
# -- Compiling module flip_flop
# -- Compiling module tb_flip_flop
# 
# Top level modules:
# 	tb_flip_flop
# End time: 19:01:48 on Jan 23,2024, Elapsed time: 0:00:00
# Errors: 0, Warnings: 0
# Model Technology ModelSim SE-64 vlog 10.4 Compiler 2014.12 Dec  3 2014
# Start time: 19:01:48 on Jan 23,2024
# vlog -work xil_defaultlib glbl.v 
# -- Compiling module glbl
# 
# Top level modules:
# 	glbl
# End time: 19:01:48 on Jan 23,2024, Elapsed time: 0:00:00
# Errors: 0, Warnings: 0
